
Showing logs for build [32mcb-kubecd-bdd-nh-1592817094-pr-4r4jx-1[0m stage [32mfrom-build-pack[0m and container [32mstep-credential-initializer-rg72w[0m
{"level":"info","ts":1592818323.6186414,"logger":"fallback-logger","caller":"logging/config.go:69","msg":"Fetch GitHub commit ID from kodata failed: open /var/run/ko/refs/heads/0.8.0-ns-support: no such file or directory"}
{"level":"info","ts":1592818323.619193,"logger":"fallback-logger","caller":"creds-init/main.go:40","msg":"Credentials initialized."}

Showing logs for build [32mcb-kubecd-bdd-nh-1592817094-pr-4r4jx-1[0m stage [32mfrom-build-pack[0m and container [32mstep-working-dir-initializer-f6ch2[0m
{"level":"info","ts":1592818325.2767959,"logger":"fallback-logger","caller":"logging/config.go:69","msg":"Fetch GitHub commit ID from kodata failed: open /var/run/ko/HEAD: no such file or directory"}
{"level":"info","ts":1592818325.2804575,"logger":"fallback-logger","caller":"bash/main.go:64","msg":"Successfully executed command \"sh -c mkdir -p /workspace/source\"; output "}

Showing logs for build [32mcb-kubecd-bdd-nh-1592817094-pr-4r4jx-1[0m stage [32mfrom-build-pack[0m and container [32mstep-place-tools[0m

Showing logs for build [32mcb-kubecd-bdd-nh-1592817094-pr-4r4jx-1[0m stage [32mfrom-build-pack[0m and container [32mstep-git-source-cb-kubecd-bdd-nh-1592817094-pr-4r4jx-dgfh6[0m
{"level":"info","ts":1592818333.5781066,"logger":"fallback-logger","caller":"logging/config.go:69","msg":"Fetch GitHub commit ID from kodata failed: open /var/run/ko/refs/heads/0.8.0-ns-support: no such file or directory"}
{"level":"info","ts":1592818334.7514813,"logger":"fallback-logger","caller":"git/git.go:103","msg":"Successfully cloned https://github.com/cb-kubecd/bdd-nh-1592817094.git @ master in path /workspace/source"}

Showing logs for build [32mcb-kubecd-bdd-nh-1592817094-pr-4r4jx-1[0m stage [32mfrom-build-pack[0m and container [32mstep-git-merge[0m
Using SHAs from PULL_REFS=master:bd4f3290a041db1c70b1e6e2ae9d22200b69427b,1:689933b16729287ef5a689979ad6606a8cef1a49
DEBUG: LC_ALL=C JX_LOG_LEVEL=error git fetch origin --unshallow 689933b16729287ef5a689979ad6606a8cef1a49: bd4f3290a041db1c70b1e6e2ae9d22200b69427b:
DEBUG: ran git fetch --unshallow origin 689933b16729287ef5a689979ad6606a8cef1a49: bd4f3290a041db1c70b1e6e2ae9d22200b69427b: in 
DEBUG: LC_ALL=C JX_LOG_LEVEL=error git branch
DEBUG: JX_LOG_LEVEL=error LC_ALL=C git checkout master
DEBUG: ran git checkout master in 
DEBUG: LC_ALL=C JX_LOG_LEVEL=error git reset --hard bd4f3290a041db1c70b1e6e2ae9d22200b69427b
DEBUG: ran git reset --hard bd4f3290a041db1c70b1e6e2ae9d22200b69427b in 
DEBUG: LC_ALL=C JX_LOG_LEVEL=error git clean -fd .
DEBUG: ran clean --force -d . in 
DEBUG: LC_ALL=C JX_LOG_LEVEL=error git merge 689933b16729287ef5a689979ad6606a8cef1a49
DEBUG: ran git merge 689933b16729287ef5a689979ad6606a8cef1a49 in 
DEBUG: LC_ALL=C JX_LOG_LEVEL=error git log --format=%H%x1f%an%x1f%ae%x1f%cn%x1f%ce%x1f%s%n%b%x1e bd4f3290a041db1c70b1e6e2ae9d22200b69427b..HEAD
Merged SHA 689933b16729287ef5a689979ad6606a8cef1a49 with commit message 'My first PR commit' into base branch master

Showing logs for build [32mcb-kubecd-bdd-nh-1592817094-pr-4r4jx-1[0m stage [32mfrom-build-pack[0m and container [32mstep-build-npmrc[0m
WARNING: failed to find Secret npm-token in namespace **

Showing logs for build [32mcb-kubecd-bdd-nh-1592817094-pr-4r4jx-1[0m stage [32mfrom-build-pack[0m and container [32mstep-build-npm-install[0m
npm notice created a lockfile as package-lock.json. You should commit this file.
npm WARN REPLACE_ME@1.0.0 No repository field.
npm WARN REPLACE_ME@1.0.0 No license field.

up to date in 0.379s
found 0 vulnerabilities


Showing logs for build [32mcb-kubecd-bdd-nh-1592817094-pr-4r4jx-1[0m stage [32mfrom-build-pack[0m and container [32mstep-build-npm-test[0m

> REPLACE_ME@1.0.0 test /workspace/source
> echo "no test specified" && exit 0

no test specified

Showing logs for build [32mcb-kubecd-bdd-nh-1592817094-pr-4r4jx-1[0m stage [32mfrom-build-pack[0m and container [32mstep-build-container-build[0m
E0622 09:32:20.081050      10 aws_credentials.go:77] while getting AWS credentials NoCredentialProviders: no valid providers in chain. Deprecated.
	For verbose messaging see aws.Config.CredentialsChainVerboseErrors
[36mINFO[0m[0001] Using dockerignore file: /workspace/source/.dockerignore 
[36mINFO[0m[0001] Retrieving image manifest node:9-slim        
E0622 09:32:20.545268      10 metadata.go:154] while reading 'google-dockercfg' metadata: http status code: 404 while fetching url http://metadata.google.internal./computeMetadata/v1/instance/attributes/google-dockercfg
E0622 09:32:20.549319      10 metadata.go:166] while reading 'google-dockercfg-url' metadata: http status code: 404 while fetching url http://metadata.google.internal./computeMetadata/v1/instance/attributes/google-dockercfg-url
[36mINFO[0m[0002] Retrieving image manifest node:9-slim        
[36mINFO[0m[0004] Built cross stage deps: map[]                
[36mINFO[0m[0004] Retrieving image manifest node:9-slim        
[36mINFO[0m[0004] Retrieving image manifest node:9-slim        
[36mINFO[0m[0005] Executing 0 build triggers                   
[36mINFO[0m[0005] cmd: EXPOSE                                  
[36mINFO[0m[0005] Adding exposed port: 8080/tcp                
[36mINFO[0m[0006] Checking for cached layer gcr.io/jenkins-x-bdd3/cache:d8349553df9cb3fda6c01ae7a0989b5fd0d7de31e04f884d0b35baeef21f79a5... 
[36mINFO[0m[0006] No cached layer found for cmd COPY . .       
[36mINFO[0m[0006] Unpacking rootfs as cmd COPY . . requires it. 
[36mINFO[0m[0013] ENV PORT 8080                                
[36mINFO[0m[0013] No files changed in this command, skipping snapshotting. 
[36mINFO[0m[0013] EXPOSE 8080                                  
[36mINFO[0m[0013] cmd: EXPOSE                                  
[36mINFO[0m[0013] Adding exposed port: 8080/tcp                
[36mINFO[0m[0013] No files changed in this command, skipping snapshotting. 
[36mINFO[0m[0013] WORKDIR /usr/src/app                         
[36mINFO[0m[0013] cmd: workdir                                 
[36mINFO[0m[0013] Changed working directory to /usr/src/app    
[36mINFO[0m[0013] Creating directory /usr/src/app              
[36mINFO[0m[0013] Resolving 1 paths                            
[36mINFO[0m[0013] Taking snapshot of files...                  
[36mINFO[0m[0013] COPY . .                                     
[36mINFO[0m[0013] Resolving 142 paths                          
[36mINFO[0m[0013] Taking snapshot of files...                  
[36mINFO[0m[0013] CMD ["npm", "start"]                         
[36mINFO[0m[0013] Pushing layer gcr.io/jenkins-x-bdd3/cache:d8349553df9cb3fda6c01ae7a0989b5fd0d7de31e04f884d0b35baeef21f79a5 to cache now 
[36mINFO[0m[0013] No files changed in this command, skipping snapshotting. 

Showing logs for build [32mcb-kubecd-bdd-nh-1592817094-pr-4r4jx-1[0m stage [32mfrom-build-pack[0m and container [32mstep-postbuild-post-build[0m
no CVE provider running in the current ** namespace so skip adding image to be analysed

Showing logs for build [32mcb-kubecd-bdd-nh-1592817094-pr-4r4jx-1[0m stage [32mfrom-build-pack[0m and container [32mstep-promote-make-preview[0m
sed -i -e "s/version:.*/version: 0.0.0-SNAPSHOT-PR-1-1/" Chart.yaml
sed -i -e "s/version:.*/version: 0.0.0-SNAPSHOT-PR-1-1/" ../*/Chart.yaml
sed -i -e "s|repository:.*|repository: gcr.io\/jenkins-x-bdd3\/bdd-nh-1592817094|" values.yaml
sed -i -e "s/tag:.*/tag: 0.0.0-SNAPSHOT-PR-1-1/" values.yaml
echo "  version: 0.0.0-SNAPSHOT-PR-1-1" >> requirements.yaml
** step helm build
WARNING: No $CHART_REPOSITORY defined so using the default value of: http://jenkins-x-chartmuseum:8080
Adding missing Helm repo: storage.googleapis.com https://storage.googleapis.com/chartmuseum.jenkins-x.io
WARNING: No secrets found on "helm/repos" due: reading the secret "helm/repos" from vault: no secret "helm/repos" not found in vault
Read credentials for https://storage.googleapis.com/chartmuseum.jenkins-x.io from vault helm/repos
Successfully added Helm repository storage.googleapis.com.
Adding missing Helm repo: jenkins-x-chartmuseum http://jenkins-x-chartmuseum:8080
WARNING: No secrets found on "helm/repos" due: reading the secret "helm/repos" from vault: no secret "helm/repos" not found in vault
Read credentials for http://jenkins-x-chartmuseum:8080 from vault helm/repos
Successfully added Helm repository jenkins-x-chartmuseum.
WARNING: No $CHART_REPOSITORY defined so using the default value of: http://jenkins-x-chartmuseum:8080
Adding missing Helm repo: chartmuseum.jenkins-x.io http://chartmuseum.jenkins-x.io
WARNING: No secrets found on "helm/repos" due: reading the secret "helm/repos" from vault: no secret "helm/repos" not found in vault
Read credentials for http://chartmuseum.jenkins-x.io from vault helm/repos
Successfully added Helm repository chartmuseum.jenkins-x.io.

Showing logs for build [32mcb-kubecd-bdd-nh-1592817094-pr-4r4jx-1[0m stage [32mfrom-build-pack[0m and container [32mstep-promote-jx-preview[0m
Creating a preview
Created environment cb-kubecd-bdd-nh-1592817094-pr-1
Namespace **-cb-kubecd-bdd-nh-1592817094-pr-1 created 
expose:
  Annotations:
    helm.sh/hook: post-install,post-upgrade
    helm.sh/hook-delete-policy: hook-succeeded
  config:
    domain: 34.78.192.201.nip.io
    exposer: Ingress
    http: "true"
preview:
  image:
    repository: gcr.io/jenkins-x-bdd3/bdd-nh-1592817094
    tag: 0.0.0-SNAPSHOT-PR-1-1

Updating PipelineActivities cb-kubecd-bdd-nh-1592817094-pr-1-1 which has status Running
WARNING: preview application http://bdd-nh-1592817094.**-cb-kubecd-bdd-nh-1592817094-pr-1.34.78.192.201.nip.io not available, error was 503 503 Service Temporarily Unavailable, delaying for: 1.253161278s
WARNING: preview application http://bdd-nh-1592817094.**-cb-kubecd-bdd-nh-1592817094-pr-1.34.78.192.201.nip.io not available, error was 503 503 Service Temporarily Unavailable, delaying for: 1.99789628s
Preview application is now available at: http://bdd-nh-1592817094.**-cb-kubecd-bdd-nh-1592817094-pr-1.34.78.192.201.nip.io
